<?xml version="1.0" encoding="UTF-8"?>
<!-- Generated by org.testng.reporters.JUnitXMLReporter -->
<testsuite hostname="Lathavya-pc" name="Test" tests="2" failures="2" timestamp="17 Jan 2019 11:35:08 GMT" time="409.149" errors="0">
  <testcase name="GetselectOption" time="308.866" classname="test.GetselectOprion">
    <failure type="java.lang.AssertionError" message="null">
      <![CDATA[java.lang.AssertionError: null
	at generic.BasePage.VerifyElement(BasePage.java:50)
	at utilities.FlipkartHomepage.WaitforMiTV(FlipkartHomepage.java:88)
	at test.GetselectOprion.GetselectOption(GetselectOprion.java:25)
... Removed 26 stack frames]]>
    </failure>
  </testcase> <!-- GetselectOption -->
  <testcase name="BasicFlow" time="0.677" classname="test.Filpkartflow">
    <failure type="java.lang.IllegalStateException" message="Cannot get a STRING value from a NUMERIC cell">
      <![CDATA[java.lang.IllegalStateException: Cannot get a STRING value from a NUMERIC cell
	at org.apache.poi.xssf.usermodel.XSSFCell.typeMismatch(XSSFCell.java:1077)
	at org.apache.poi.xssf.usermodel.XSSFCell.getRichStringCellValue(XSSFCell.java:395)
	at org.apache.poi.xssf.usermodel.XSSFCell.getStringCellValue(XSSFCell.java:347)
	at generic.Excel.getData(Excel.java:21)
	at test.Filpkartflow.BasicFlow(Filpkartflow.java:27)
... Removed 24 stack frames]]>
    </failure>
  </testcase> <!-- BasicFlow -->
</testsuite> <!-- Test -->
